{"C:\\Users\\juredond\\OneDrive - Capgemini\\Desktop\\DevOps\\Onboarding\\CI-CD(cloud)\\module-excercise\\src\\components\\math.ts": {"path":"C:\\Users\\juredond\\OneDrive - Capgemini\\Desktop\\DevOps\\Onboarding\\CI-CD(cloud)\\module-excercise\\src\\components\\math.ts","statementMap":{"0":{"start":{"line":2,"column":4},"end":{"line":2,"column":null}},"1":{"start":{"line":6,"column":4},"end":{"line":6,"column":null}}},"fnMap":{"0":{"name":"add","decl":{"start":{"line":1,"column":16},"end":{"line":1,"column":20}},"loc":{"start":{"line":1,"column":55},"end":{"line":3,"column":null}},"line":1},"1":{"name":"mul","decl":{"start":{"line":5,"column":16},"end":{"line":5,"column":20}},"loc":{"start":{"line":5,"column":55},"end":{"line":7,"column":null}},"line":5}},"branchMap":{},"s":{"0":1,"1":1},"f":{"0":1,"1":1},"b":{},"meta":{"lastBranch":0,"lastFunction":2,"lastStatement":2,"seen":{"f:1:16:1:20":0,"s:2:4:2:Infinity":0,"f:5:16:5:20":1,"s:6:4:6:Infinity":1}}}
}
